[01:22:17] [User Authenticator #10/INFO]: UUID of player waynert30678 is 5fdab9c9-99d2-4c0f-85b0-da5813c41687
[01:22:17] [Server thread/INFO]: ［飛翔小助手］waynert30678 加入了伺服器。
[01:22:18] [Server thread/INFO]: waynert30678[/103.122.191.16:43790] logged in with entity id 14338 at ([world]-0.5, 100.0, 0.5)
[01:22:20] [Server thread/INFO]: ［飛翔小助手］<none> 擊殺了 waynert30678。
[01:23:29] [Server thread/INFO]: ［飛翔小助手］<none> 擊殺了 waynert30678。
[01:23:35] [Server thread/INFO]: waynert30678 lost connection: Disconnected
[01:23:35] [Server thread/INFO]: ［飛翔小助手］waynert30678 離開了伺服器。
[02:11:52] [User Authenticator #11/INFO]: UUID of player HankBig87 is 3e404a89-0d0b-4692-9bc8-a57b75d7dad9
[02:11:52] [Server thread/INFO]: ［飛翔小助手］HankBig87 加入了伺服器。
[02:11:52] [Server thread/INFO]: HankBig87[/103.122.191.16:40206] logged in with entity id 14721 at ([world]-0.5, 100.0, 0.5)
[02:12:12] [Server thread/INFO]: ［飛翔小助手］<none> 擊殺了 HankBig87。
[02:12:50] [Server thread/INFO]: ［飛翔小助手］skeleton 擊殺了 HankBig87。
[02:12:52] [Server thread/INFO]: HankBig87 lost connection: Disconnected
[02:12:52] [Server thread/INFO]: ［飛翔小助手］HankBig87 離開了伺服器。
[02:16:13] [User Authenticator #12/INFO]: UUID of player Dream0001 is 8c6b0df7-ab08-4ef2-a4c8-a8047fc3c91b
[02:16:13] [Server thread/INFO]: ［飛翔小助手］Dream0001 加入了伺服器。
[02:16:13] [Server thread/INFO]: Dream0001[/103.122.191.16:42520] logged in with entity id 15078 at ([world]-0.5, 100.0, 0.5)
[02:16:23] [Server thread/WARN]: Dream0001 was kicked for floating too long!
[02:16:23] [Server thread/INFO]: Dream0001 lost connection: ［飛翔小助手］嘿！你沒有飛行執照！
[02:16:23] [Server thread/INFO]: ［飛翔小助手］Dream0001 離開了伺服器。
[08:32:30] [User Authenticator #13/INFO]: UUID of player ghost_5080731 is 65246e18-3ebc-409c-bd13-0d9f24c916d8
[08:32:30] [Server thread/INFO]: ［飛翔小助手］ghost_5080731 加入了伺服器。
[08:32:30] [Server thread/INFO]: ghost_5080731[/103.122.191.16:57976] logged in with entity id 15248 at ([world]-0.5, 100.0, 0.5)
[08:32:39] [Server thread/WARN]: ghost_5080731 was kicked for floating too long!
[08:32:39] [Server thread/INFO]: ghost_5080731 lost connection: ［飛翔小助手］嘿！你沒有飛行執照！
[08:32:39] [Server thread/INFO]: ［飛翔小助手］ghost_5080731 離開了伺服器。
[08:32:46] [User Authenticator #13/INFO]: UUID of player ghost_5080731 is 65246e18-3ebc-409c-bd13-0d9f24c916d8
[08:32:46] [Server thread/INFO]: ［飛翔小助手］ghost_5080731 加入了伺服器。
[08:32:46] [Server thread/INFO]: ghost_5080731[/103.122.191.16:58272] logged in with entity id 15302 at ([world]-0.5, 100.0, 0.5)
[08:33:17] [Server thread/INFO]: ［飛翔小助手］<none> 擊殺了 ghost_5080731。
[08:33:41] [Server thread/INFO]: ghost_5080731 has made the advancement [Monster Hunter]
[08:34:20] [Server thread/INFO]: ghost_5080731 issued server command: /
[08:34:33] [Server thread/INFO]: ghost_5080731 lost connection: Disconnected
[08:34:33] [Server thread/INFO]: ［飛翔小助手］ghost_5080731 離開了伺服器。
